[LOG] System::create                           : Header version = 2.02.21. Current version = 2.02.21.
[LOG] Manager::init                            : maxchannels = 256 studioflags = 00000006 flags 00000000 extradriverdata 0x0.
[LOG] SystemI::init                            : Initialize version=20221 (141420), maxchannels=256, flags=0x00020000
[LOG] SystemI::setOutputInternal               : Setting output to 'FMOD Core Audio Output'
[LOG] OutputCoreAudio::init                    : Output running 2 channels at 44100Hz sample rate.
[LOG] OutputCoreAudio::init                    : Maximum hardware read size: 1024 samples, Software buffer size: 512 samples, Number of software buffers: 4.
[LOG] SystemI::init                            : Output requires a sample rate of 44100Hz, resampling will occur.
[LOG] Thread::initThread                       : Init FMOD stream thread. Affinity: 0x4000000000000003, Priority: 0xFFFF7FFB, Stack Size: 98304, Semaphore: No, Sleep Time: 10, Looping: Yes.
[LOG] Thread::initThread                       : Init FMOD mixer thread. Affinity: 0x4000000000000001, Priority: 0xFFFF7FFA, Stack Size: 81920, Semaphore: Yes, Sleep Time: 0, Looping: Yes.
[LOG] AsyncManager::init                       : manager 0x7fec211ff208 isAsync 0 updatePeriod 0.02
[LOG] AsyncManager::init                       : done
[LOG] PlaybackSystem::init                     : 
[LOG] Thread::initThread                       : Init FMOD Studio sample load thread. Affinity: 0x4000000000000003, Priority: 0xFFFF7FFD, Stack Size: 98304, Semaphore: No, Sleep Time: 1, Looping: No.
[LOG] PlaybackSystem::init                     : done
[LOG] Thread::initThread                       : Init FMOD Studio bank load thread. Affinity: 0x4000000000000003, Priority: 0xFFFF7FFD, Stack Size: 98304, Semaphore: No, Sleep Time: 1, Looping: No.
[LOG] Manager::init                            : done.
[LOG] Manager::readBank                        : fileversion = 142, compatVersion = 140 (oldest = 44, newest = 142)
[LOG] Manager::readBank                        : fileversion = 142, compatVersion = 140 (oldest = 44, newest = 142)
[LOG] PlaybackSystem::acquireMasterBus         : Setting master channel group format to 6
[LOG] SystemI::createSound                     : filename = FMod_HW_Max_K/Build/Desktop/Master.bank : mode 02010082
[LOG] SystemI::createSound                     : FMOD_NONBLOCKING specified.  Putting into queue to be opened asynchronously!
[LOG] AsyncThread::add                         : add sound to async queue : soundi = 0x7febd1a81498, queue head = 0x7febe3195cb8, queue count = 0
[LOG] SystemI::createSound                     : filename = FMod_HW_Max_K/Build/Desktop/Master.bank : mode 02010082
[LOG] SystemI::createSound                     : FMOD_NONBLOCKING specified.  Putting into queue to be opened asynchronously!
[LOG] AsyncThread::add                         : add sound to async queue : soundi = 0x7febd1aa7b58, queue head = 0x7febe3195cb8, queue count = 0
[LOG] AsyncThread::threadFunc                  : Starting Asynchronous operation on sound 0x7febd1a81498
[LOG] SystemI::createSoundInternal             :     Create name='FMod_HW_Max_K/Build/Desktop/Master.bank', mode=0x02010082
[LOG] SystemI::createSoundInternal             :     exinfo->cbsize             = 224
[LOG] SystemI::createSoundInternal             :     exinfo->length             = 1388512
[LOG] SystemI::createSoundInternal             :     exinfo->fileoffset         = 3424
[LOG] SystemI::createSoundInternal             :     exinfo->numsubsounds       = 1
[LOG] SystemI::createSoundInternal             :     exinfo->inclusionlist      = 0x7febd1ad48e0
[LOG] SystemI::createSoundInternal             :     exinfo->inclusionlistnum   = 1
[LOG] SystemI::createSoundInternal             :     exinfo->suggestedsoundtype = 5
[LOG] SystemI::createSoundInternal             :     exinfo->initialseekpostype = 1
[LOG] SystemI::createSoundInternal             :     Stream 0/1: name='FMOD_NoMoon', format=5, channels=2, frequency=48000, lengthbytes=700576, lengthpcm=2888064, pcmblocksize=0, loopstart=0, loopend=0, mode=0x00000000, channelmask=0x00000000, channelorder=0, peakvolume=0.359497.
[LOG] AsyncThread::threadFunc                  : Finished Asynchronous operation on sound 0x7febd1a81498
[LOG] AsyncThread::threadFunc                  : Starting Asynchronous operation on sound 0x7febd1aa7b58
[LOG] SystemI::createSoundInternal             :     Create name='FMod_HW_Max_K/Build/Desktop/Master.bank', mode=0x02010082
[LOG] SystemI::createSoundInternal             :     exinfo->cbsize             = 224
[LOG] SystemI::createSoundInternal             :     exinfo->length             = 1388512
[LOG] SystemI::createSoundInternal             :     exinfo->fileoffset         = 3424
[LOG] SystemI::createSoundInternal             :     exinfo->numsubsounds       = 1
[LOG] SystemI::createSoundInternal             :     exinfo->inclusionlist      = 0x7febd1adaa90
[LOG] SystemI::createSoundInternal             :     exinfo->inclusionlistnum   = 1
[LOG] SystemI::createSoundInternal             :     exinfo->suggestedsoundtype = 5
[LOG] SystemI::createSoundInternal             :     exinfo->initialseekpostype = 1
[LOG] SystemI::createSoundInternal             :     Stream 0/1: name='FMod_Moon100', format=5, channels=2, frequency=48000, lengthbytes=686816, lengthpcm=2888064, pcmblocksize=0, loopstart=0, loopend=0, mode=0x00000000, channelmask=0x00000000, channelorder=0, peakvolume=0.676453.
[LOG] AsyncThread::threadFunc                  : Finished Asynchronous operation on sound 0x7febd1aa7b58
[LOG] SoundI::release                          : FMod_Moon100 (0x7febd1aa7b58)
[LOG] SoundI::release                          :     FMod_Moon100 (0x7febd1ce1998)
[LOG] SoundI::release                          :     FMod_Moon100 (0x7febd1cdedf8)
[LOG] SoundI::release                          : FMOD_NoMoon (0x7febd1a81498)
[LOG] SoundI::release                          :     FMOD_NoMoon (0x7febd1cdd3d8)
[LOG] SoundI::release                          :     FMOD_NoMoon (0x7febd1cfca78)
[LOG] SoundI::release                          : FMod_Moon100 (0x7febe304eed8)
[LOG] SoundI::release                          :     FMod_Moon100 (0x7febc7e750f8)
[LOG] SoundI::release                          :     FMod_Moon100 (0x7febe152a548)
[LOG] SoundI::release                          : FMOD_NoMoon (0x7febe3075a08)
[LOG] SoundI::release                          :     FMOD_NoMoon (0x7febe154baa8)
[LOG] SoundI::release                          :     FMOD_NoMoon (0x7febd3647a08)
[LOG] SoundI::release                          : FMod_Moon100 (0x7febe3089608)
[LOG] SoundI::release                          :     FMod_Moon100 (0x7febe153e7a8)
[LOG] SoundI::release                          :     FMod_Moon100 (0x7febd3647ff8)
[LOG] SoundI::release                          : FMOD_NoMoon (0x7febe307a3b8)
[LOG] SoundI::release                          :     FMOD_NoMoon (0x7febe1508218)
[LOG] SoundI::release                          :     FMOD_NoMoon (0x7febe15b0c88)
[LOG] Thread::callback                         : FMOD Studio update thread finished.
[LOG] Thread::callback                         : FMOD Studio bank load thread finished.
[LOG] Profile::disconnectAll                   : Profiler disconnecting all clients
[LOG] Thread::callback                         : FMOD Studio sample load thread finished.
[LOG] LiveUpdate::release                      : 
[LOG] LiveUpdate::reset                        : Reset connection (reason Disconnected)
[LOG] Thread::callback                         : FMOD stream thread finished.
[LOG] Thread::callback                         : FMOD mixer thread finished.
[LOG] Profile::disconnectAll                   : Profiler disconnecting all clients
[LOG] SystemI::close                           : Closed.
[ERR] assert                                   : assertion: 'gSystemInitCount == 0' failed
